13
Q.............................
..Q...........................
....Q.........................
.Q............................
...Q..........................
........Q.....................
..........Q...................
............Q.................
..............Q...............
......Q.......................
......................Q.......
.........................Q....
...........................Q..
........................Q.....
.....................Q........
.......................Q......
X............................Q
Q.X.......................Q...
..QX........................Q.
...............Q..............
X..........Q..................
Q.X......Q....................
X.QX...Q......................
Q.X..Q........................
..QX.............Q............
...................Q..........
................Q.............
.............Q................
....X...............Q...X.....
....QX............Q....XQ.....
